<?xml version="1.0" encoding="UTF-8"?>
<testng-results ignored="0" total="2" passed="2" failed="0" skipped="0">
  <reporter-output>
  </reporter-output>
  <suite started-at="2024-02-07T19:00:17 IST" name="Suite" finished-at="2024-02-07T19:01:58 IST" duration-ms="101578">
    <groups>
    </groups>
    <test started-at="2024-02-07T19:00:17 IST" name="Test" finished-at="2024-02-07T19:01:58 IST" duration-ms="101578">
      <class name="Verify_Functionality.Stock_Management">
        <test-method is-config="true" signature="beforemethod(org.testng.ITestContext)[pri:0, instance:Verify_Functionality.Stock_Management@63376bed]" started-at="2024-02-07T19:01:40 IST" name="beforemethod" finished-at="2024-02-07T19:01:40 IST" duration-ms="1" status="PASS">
          <params>
            <param index="0">
              <value>
                <![CDATA[org.testng.TestRunner@66f0548d]]>
              </value>
            </param>
          </params>
          <reporter-output>
          </reporter-output>
        </test-method> <!-- beforemethod -->
        <test-method signature="Add_Stock()[pri:0, instance:Verify_Functionality.Stock_Management@63376bed]" started-at="2024-02-07T19:01:40 IST" name="Add_Stock" finished-at="2024-02-07T19:01:57 IST" duration-ms="17032" status="PASS">
          <reporter-output>
          </reporter-output>
        </test-method> <!-- Add_Stock -->
      </class> <!-- Verify_Functionality.Stock_Management -->
      <class name="Verify_Functionality.User_Login_LogoiutSession">
        <test-method is-config="true" signature="beforetest(org.testng.ITestContext)[pri:0, instance:Verify_Functionality.User_Login_LogoiutSession@20140db9]" started-at="2024-02-07T19:00:17 IST" name="beforetest" finished-at="2024-02-07T19:00:18 IST" duration-ms="1009" status="PASS">
          <params>
            <param index="0">
              <value>
                <![CDATA[org.testng.TestRunner@66f0548d]]>
              </value>
            </param>
          </params>
          <reporter-output>
          </reporter-output>
        </test-method> <!-- beforetest -->
        <test-method is-config="true" signature="beforemethod(org.testng.ITestContext)[pri:0, instance:Verify_Functionality.User_Login_LogoiutSession@20140db9]" started-at="2024-02-07T19:00:18 IST" name="beforemethod" finished-at="2024-02-07T19:00:18 IST" duration-ms="1" status="PASS">
          <params>
            <param index="0">
              <value>
                <![CDATA[org.testng.TestRunner@66f0548d]]>
              </value>
            </param>
          </params>
          <reporter-output>
          </reporter-output>
        </test-method> <!-- beforemethod -->
        <test-method signature="Do_Login()[pri:1, instance:Verify_Functionality.User_Login_LogoiutSession@20140db9]" started-at="2024-02-07T19:00:18 IST" name="Do_Login" finished-at="2024-02-07T19:01:40 IST" duration-ms="82356" status="PASS">
          <reporter-output>
          </reporter-output>
        </test-method> <!-- Do_Login -->
        <test-method is-config="true" signature="aftertest()[pri:0, instance:Verify_Functionality.User_Login_LogoiutSession@20140db9]" started-at="2024-02-07T19:01:57 IST" name="aftertest" finished-at="2024-02-07T19:01:58 IST" duration-ms="1088" status="PASS">
          <reporter-output>
          </reporter-output>
        </test-method> <!-- aftertest -->
      </class> <!-- Verify_Functionality.User_Login_LogoiutSession -->
    </test> <!-- Test -->
  </suite> <!-- Suite -->
</testng-results>
