<?xml version="1.0" encoding="UTF-8"?>
<!-- Generated by org.testng.reporters.JUnitXMLReporter -->
<testsuite ignored="6" hostname="DESKTOP-ATT6UQO" failures="0" tests="2" name="Test" time="101.578" errors="0" timestamp="2024-02-07T19:01:58 IST">
  <testcase classname="Verify_Functionality.User_Login_LogoiutSession" name="Do_Login" time="82.356"/>
  <testcase classname="Verify_Functionality.Stock_Management" name="Add_Stock" time="17.032"/>
  <testcase classname="Verify_Functionality.Stock_Management" name="Verify_Stock" time="0.0">
    <ignored/>
  </testcase> <!-- Verify_Stock -->
  <testcase classname="Verify_Functionality.Stock_Management" name="Delete_Stock" time="0.0">
    <ignored/>
  </testcase> <!-- Delete_Stock -->
  <testcase classname="Verify_Functionality.Actual_BaseClass" name="@BeforeTest beforetest" time="0.0">
    <ignored/>
  </testcase> <!-- @BeforeTest beforetest -->
  <testcase classname="Verify_Functionality.User_Login_LogoiutSession" name="Do_Logout" time="0.0">
    <ignored/>
  </testcase> <!-- Do_Logout -->
  <testcase classname="Verify_Functionality.Actual_BaseClass" name="@AfterTest aftertest" time="0.0">
    <ignored/>
  </testcase> <!-- @AfterTest aftertest -->
  <testcase classname="Verify_Functionality.Stock_Management" name="Upadte_Stock" time="0.0">
    <ignored/>
  </testcase> <!-- Upadte_Stock -->
</testsuite> <!-- Test -->
